<?xml version="1.0" encoding="UTF-8"?>
<testExecutions version="1">
  <file path="/home/will/Área de Trabalho/Alectrion/2022-1-Alectrion-FrontEnd/src/components/text-field/index.test.tsx">
    <testCase name="Text field unit test" duration="332"/>
  </file>
  <file path="/home/will/Área de Trabalho/Alectrion/2022-1-Alectrion-FrontEnd/src/components/button/index.test.tsx">
    <testCase name="button unit test" duration="469"/>
  </file>
  <file path="/home/will/Área de Trabalho/Alectrion/2022-1-Alectrion-FrontEnd/src/components/edit-button/index.test.tsx">
    <testCase name="should click edit button" duration="510"/>
  </file>
  <file path="/home/will/Área de Trabalho/Alectrion/2022-1-Alectrion-FrontEnd/src/pages/task/index.test.tsx">
    <testCase name="Testing screen Task" duration="388"/>
  </file>
  <file path="/home/will/Área de Trabalho/Alectrion/2022-1-Alectrion-FrontEnd/src/components/select-profile/index.test.tsx">
    <testCase name="Select profile unit test" duration="1398"/>
  </file>
  <file path="/home/will/Área de Trabalho/Alectrion/2022-1-Alectrion-FrontEnd/src/components/select-job/index.test.tsx">
    <testCase name="Select job unit test" duration="1447"/>
  </file>
  <file path="/home/will/Área de Trabalho/Alectrion/2022-1-Alectrion-FrontEnd/src/components/teste/index.test.tsx">
    <testCase name="component Teste" duration="188"/>
  </file>
  <file path="/home/will/Área de Trabalho/Alectrion/2022-1-Alectrion-FrontEnd/src/pages/user-screen/index.test.tsx">
    <testCase name="must edit user" duration="864"/>
  </file>
  <file path="/home/will/Área de Trabalho/Alectrion/2022-1-Alectrion-FrontEnd/src/pages/user-login-screen/index.test.tsx">
    <testCase name="login to the application" duration="1400"/>
  </file>
  <file path="/home/will/Área de Trabalho/Alectrion/2022-1-Alectrion-FrontEnd/src/components/NavBar/index.test.tsx">
    <testCase name="test NavBar" duration="1418"/>
  </file>
  <file path="/home/will/Área de Trabalho/Alectrion/2022-1-Alectrion-FrontEnd/src/pages/EditUser/index.test.tsx">
    <testCase name="must edit user" duration="2353"/>
  </file>
  <file path="/home/will/Área de Trabalho/Alectrion/2022-1-Alectrion-FrontEnd/src/pages/user-register/index.test.tsx">
    <testCase name="should register new user" duration="2606"/>
    <testCase name="should render register user page and back to users when back button clicked" duration="137"/>
  </file>
</testExecutions>